<?xml version="1.0" encoding="UTF-8"?>
<!-- Generated by org.testng.reporters.JUnitXMLReporter -->
<testsuite ignored="0" hostname="DESKTOP-77SG0P9" failures="3" tests="8" name="Surefire test" time="41.597" errors="0" timestamp="2025-12-24T03:15:30 EET">
  <testcase classname="api.FilterAPITest" name="createFilterTest" time="2.269"/>
  <testcase classname="api.LoginAPITest" name="invalidThenValidLoginTest" time="0.32"/>
  <testcase classname="api.TaskAPITest" name="createTaskTest" time="0.203"/>
  <testcase classname="ui.FilterTest" name="createAndApplyFilterTest" time="14.141"/>
  <testcase classname="ui.LoginTest" name="loginTest" time="0.836">
    <failure type="java.lang.AssertionError" message="Force fail to test screenshot attachment expected [true] but found [false]">
      <![CDATA[java.lang.AssertionError: Force fail to test screenshot attachment expected [true] but found [false]
at ui.LoginTest.loginTest(LoginTest.java:23)
at java.base/java.util.ArrayList.forEach(ArrayList.java:1597)
... Removed 33 stack frames]]>
    </failure>
  </testcase> <!-- loginTest -->
  <testcase classname="ui.LoginTest" name="loginTest" time="0.888">
    <failure type="java.lang.AssertionError" message="Force fail to test screenshot attachment expected [true] but found [false]">
      <![CDATA[java.lang.AssertionError: Force fail to test screenshot attachment expected [true] but found [false]
at ui.LoginTest.loginTest(LoginTest.java:23)
at java.base/java.util.ArrayList.forEach(ArrayList.java:1597)
... Removed 33 stack frames]]>
    </failure>
  </testcase> <!-- loginTest -->
  <testcase classname="ui.LoginTest" name="loginTest" time="0.954">
    <failure type="java.lang.AssertionError" message="Force fail to test screenshot attachment expected [true] but found [false]">
      <![CDATA[java.lang.AssertionError: Force fail to test screenshot attachment expected [true] but found [false]
at ui.LoginTest.loginTest(LoginTest.java:23)
at java.base/java.util.ArrayList.forEach(ArrayList.java:1597)
... Removed 33 stack frames]]>
    </failure>
  </testcase> <!-- loginTest -->
  <testcase classname="ui.TaskTest" name="createProjectTest" time="2.67"/>
</testsuite> <!-- Surefire test -->
