<?xml version="1.0" encoding="UTF-8"?>
<testsuite xmlns:xsi="http://www.w3.org/2001/XMLSchema-instance" xsi:noNamespaceSchemaLocation="https://maven.apache.org/surefire/maven-surefire-plugin/xsd/surefire-test-report-3.0.xsd" version="3.0" name="TestSuite" time="42.455" tests="8" errors="0" skipped="0" failures="3">
  <properties>
[...]
</properties>
  <testcase name="createFilterTest" classname="api.FilterAPITest" time="2.339">
    <system-out><![CDATA[=== LOGIN REQUEST ===
URL: http://localhost:8989/login_page.php
Username: administrator
Password: root
--- RESPONSE ---
Status code: 200
Body: <!DOCTYPE html>
<html>
<head>
	<meta http-equiv="Content-type" content="text/html; charset=utf-8" />
	<meta name="robots" content="noindex,follow" />
	<title>MantisBT</title>
<meta name="viewport" content="width=device-width, initial-scale=1.0, maximum-scale=1.0, user-scalable=0" />
	<link rel="stylesheet" type="text/css" href="http://localhost:8989/css/default.css" />
	<link rel="stylesheet" type="text/css" href="http://localhost:8989/css/status_config.php?cache_key=c4be5b616506fadd81f3b808db1767f3" />
	<link rel="stylesheet" type="text/css" href="http://localhost:8989/css/login.css" />
	<link rel="stylesheet" type="text/css" href="http://localhost:8989/css/dropzone-5.5.0.min.css" />
	<link rel="stylesheet" type="text/css" href="http://localhost:8989/css/bootstrap-3.4.1.min.css" />
	<link rel="stylesheet" type="text/css" href="http://localhost:8989/css/font-awesome-4.6.3.min.css" />
	<link rel="stylesheet" type="text/css" href="http://localhost:8989/css/fonts.css" />
	<link rel="stylesheet" type="text/css" href="http://localhost:8989/css/bootstrap-datetimepicker-4.17.47.min.css" />
	<link rel="stylesheet" type="text/css" href="http://localhost:8989/css/ace.min.css" />
	<link rel="stylesheet" type="text/css" href="http://localhost:8989/css/ace-mantis.css" />
	<link rel="stylesheet" type="text/css" href="http://localhost:8989/css/ace-skins.min.css" />

	<link rel="shortcut icon" href="/images/favicon.ico" type="image/x-icon" />
	<link rel="search" type="application/opensearchdescription+xml" title="MantisBT: Text Search" href="http://localhost:8989/browser_search_plugin.php?type=text" />
	<link rel="search" type="application/opensearchdescription+xml" title="MantisBT: Issue Id" href="http://localhost:8989/browser_search_plugin.php?type=id" />
	<script type="text/javascript" src="/javascript_config.php?cache_key=c4be5b616506fadd81f3b808db1767f3"></script>
	<script type="text/javascript" src="/javascript_translations.php?cache_key=f36c334d7cef843a28a60ae9669c88ad"></script>
	<script type="text/javascript" src="/js/jquery-2.2.4.min.js"></script>
	<script type="text/javascript" src="/js/dropzone-5.5.0.min.js"></script>
	<script type="text/javascript" src="/js/common.js"></script>
</head>
<body class="login-layout light-login"><style>
* { font-family: "Open Sans"; } 
h1, h2, h3, h4, h5 { font-family: "Open Sans"; } 
</style>
<div class="main-container" id="main-container">
<div class="main-content">
<div class="row">
<div class="col-md-offset-3 col-md-6 col-sm-10 col-sm-offset-1">
	<div class="login-container">
		<div class="space-12 hidden-480"></div>
			<div class="login-logo">
		<img src="/images/mantis_logo.png">
	</div>
			<div class="space-24 hidden-480"></div>

<div class="position-relative">
	<div class="signup-box visible widget-box no-border" id="login-box">
		<div class="widget-body">
			<div class="widget-main">
				<h4 class="header lighter bigger">
					<i class="ace-icon fa fa-sign-in"></i>
					Login				</h4>
				<div class="space-10"></div>
	<form id="login-form" method="post" action="login_password_page.php">
		<fieldset>

			<input type="hidden" name="return" value="index.php" />
			<label for="username" class="block clearfix">
				<span class="block input-icon input-icon-right">
					<input id="username" name="username" type="text" placeholder="Username"
						   size="32" maxlength="191" value="administrator"
						   class="form-control autofocus">
					<i class="ace-icon fa fa-user"></i>
				</span>
			</label>

			<div class="space-10"></div>

			<input type="submit" class="width-40 pull-right btn btn-success btn-inverse bigger-110" value="Login" />
		</fieldset>
	</form>

<div class="space-10"></div><div class="alert alert-warning"><p><strong>Warning:</strong> "admin" directory should be removed, or access to it restricted.</p><p><strong>Warning:</strong> You should disable the default 'administrator' account or change its password.</p></div></div>

<div class="toolbar center"><a class="back-to-login-link pull-left" href="signup_page.php">Signup for a new account</a><div class="clearfix"></div></div>
		</div>
</div>
</div>
</div>
</div>

</div></div>
</div>
	<script type="text/javascript" src="/js/bootstrap-3.4.1.min.js"></script>
	<script type="text/javascript" src="/js/moment-with-locales-2.15.2.min.js"></script>
	<script type="text/javascript" src="/js/bootstrap-datetimepicker-4.17.47.min.js"></script>
	<script type="text/javascript" src="/js/typeahead.jquery-1.1.1.min.js"></script>
	<script type="text/javascript" src="/js/list-1.5.0.min.js"></script>
	<script type="text/javascript" src="/js/ace.min.js"></script>
</body>

Cookies: {PHPSESSID=d5e643d79ccc584eb0d0aa15977c15b2}
=================
=== LOGOUT REQUEST ===
URL: http://localhost:8989/logout_page.php
--- RESPONSE ---
Status code: 302
Body: 
Cookies: {PHPSESSID=e896c2f912d7c4c7dd7e5c75b0b70380, MANTIS_STRING_COOKIE=deleted, MANTIS_PROJECT_COOKIE=deleted, MANTIS_MANAGE_USERS_COOKIE=deleted, MANTIS_MANAGE_CONFIG_COOKIE=deleted}
=================
]]></system-out>
    <system-err><![CDATA[SLF4J: Failed to load class "org.slf4j.impl.StaticLoggerBinder".
SLF4J: Defaulting to no-operation (NOP) logger implementation
SLF4J: See http://www.slf4j.org/codes.html#StaticLoggerBinder for further details.
]]></system-err>
  </testcase>
  <testcase name="invalidThenValidLoginTest" classname="api.LoginAPITest" time="0.323">
    <system-out><![CDATA[=== LOGIN REQUEST ===
URL: http://localhost:8989/login_page.php
Username: wrongUser
Password: wrongPass
--- RESPONSE ---
Status code: 200
Body: <!DOCTYPE html>
<html>
<head>
	<meta http-equiv="Content-type" content="text/html; charset=utf-8" />
	<meta name="robots" content="noindex,follow" />
	<title>MantisBT</title>
<meta name="viewport" content="width=device-width, initial-scale=1.0, maximum-scale=1.0, user-scalable=0" />
	<link rel="stylesheet" type="text/css" href="http://localhost:8989/css/default.css" />
	<link rel="stylesheet" type="text/css" href="http://localhost:8989/css/status_config.php?cache_key=c4be5b616506fadd81f3b808db1767f3" />
	<link rel="stylesheet" type="text/css" href="http://localhost:8989/css/login.css" />
	<link rel="stylesheet" type="text/css" href="http://localhost:8989/css/dropzone-5.5.0.min.css" />
	<link rel="stylesheet" type="text/css" href="http://localhost:8989/css/bootstrap-3.4.1.min.css" />
	<link rel="stylesheet" type="text/css" href="http://localhost:8989/css/font-awesome-4.6.3.min.css" />
	<link rel="stylesheet" type="text/css" href="http://localhost:8989/css/fonts.css" />
	<link rel="stylesheet" type="text/css" href="http://localhost:8989/css/bootstrap-datetimepicker-4.17.47.min.css" />
	<link rel="stylesheet" type="text/css" href="http://localhost:8989/css/ace.min.css" />
	<link rel="stylesheet" type="text/css" href="http://localhost:8989/css/ace-mantis.css" />
	<link rel="stylesheet" type="text/css" href="http://localhost:8989/css/ace-skins.min.css" />

	<link rel="shortcut icon" href="/images/favicon.ico" type="image/x-icon" />
	<link rel="search" type="application/opensearchdescription+xml" title="MantisBT: Text Search" href="http://localhost:8989/browser_search_plugin.php?type=text" />
	<link rel="search" type="application/opensearchdescription+xml" title="MantisBT: Issue Id" href="http://localhost:8989/browser_search_plugin.php?type=id" />
	<script type="text/javascript" src="/javascript_config.php?cache_key=c4be5b616506fadd81f3b808db1767f3"></script>
	<script type="text/javascript" src="/javascript_translations.php?cache_key=f36c334d7cef843a28a60ae9669c88ad"></script>
	<script type="text/javascript" src="/js/jquery-2.2.4.min.js"></script>
	<script type="text/javascript" src="/js/dropzone-5.5.0.min.js"></script>
	<script type="text/javascript" src="/js/common.js"></script>
</head>
<body class="login-layout light-login"><style>
* { font-family: "Open Sans"; } 
h1, h2, h3, h4, h5 { font-family: "Open Sans"; } 
</style>
<div class="main-container" id="main-container">
<div class="main-content">
<div class="row">
<div class="col-md-offset-3 col-md-6 col-sm-10 col-sm-offset-1">
	<div class="login-container">
		<div class="space-12 hidden-480"></div>
			<div class="login-logo">
		<img src="/images/mantis_logo.png">
	</div>
			<div class="space-24 hidden-480"></div>

<div class="position-relative">
	<div class="signup-box visible widget-box no-border" id="login-box">
		<div class="widget-body">
			<div class="widget-main">
				<h4 class="header lighter bigger">
					<i class="ace-icon fa fa-sign-in"></i>
					Login				</h4>
				<div class="space-10"></div>
	<form id="login-form" method="post" action="login_password_page.php">
		<fieldset>

			<input type="hidden" name="return" value="index.php" />
			<label for="username" class="block clearfix">
				<span class="block input-icon input-icon-right">
					<input id="username" name="username" type="text" placeholder="Username"
						   size="32" maxlength="191" value="wrongUser"
						   class="form-control autofocus">
					<i class="ace-icon fa fa-user"></i>
				</span>
			</label>

			<div class="space-10"></div>

			<input type="submit" class="width-40 pull-right btn btn-success btn-inverse bigger-110" value="Login" />
		</fieldset>
	</form>

<div class="space-10"></div><div class="alert alert-warning"><p><strong>Warning:</strong> "admin" directory should be removed, or access to it restricted.</p><p><strong>Warning:</strong> You should disable the default 'administrator' account or change its password.</p></div></div>

<div class="toolbar center"><a class="back-to-login-link pull-left" href="signup_page.php">Signup for a new account</a><div class="clearfix"></div></div>
		</div>
</div>
</div>
</div>
</div>

</div></div>
</div>
	<script type="text/javascript" src="/js/bootstrap-3.4.1.min.js"></script>
	<script type="text/javascript" src="/js/moment-with-locales-2.15.2.min.js"></script>
	<script type="text/javascript" src="/js/bootstrap-datetimepicker-4.17.47.min.js"></script>
	<script type="text/javascript" src="/js/typeahead.jquery-1.1.1.min.js"></script>
	<script type="text/javascript" src="/js/list-1.5.0.min.js"></script>
	<script type="text/javascript" src="/js/ace.min.js"></script>
</body>

Cookies: {PHPSESSID=39b7444c0ded00c3792ef0b4abfa7ade}
=================
=== Invalid login ===
Status code: 200
Session cookie: 39b7444c0ded00c3792ef0b4abfa7ade
Short body: <!DOCTYPE html>
<html>
<head>
	<meta http-equiv="Content-type" content="text/html; charset=utf-8" />
	<meta name="robots" content="noindex,follow" />
	<title>MantisBT</title>
<meta name="viewport" con...
==================
=== LOGIN REQUEST ===
URL: http://localhost:8989/login_page.php
Username: administrator
Password: root
--- RESPONSE ---
Status code: 200
Body: <!DOCTYPE html>
<html>
<head>
	<meta http-equiv="Content-type" content="text/html; charset=utf-8" />
	<meta name="robots" content="noindex,follow" />
	<title>MantisBT</title>
<meta name="viewport" content="width=device-width, initial-scale=1.0, maximum-scale=1.0, user-scalable=0" />
	<link rel="stylesheet" type="text/css" href="http://localhost:8989/css/default.css" />
	<link rel="stylesheet" type="text/css" href="http://localhost:8989/css/status_config.php?cache_key=c4be5b616506fadd81f3b808db1767f3" />
	<link rel="stylesheet" type="text/css" href="http://localhost:8989/css/login.css" />
	<link rel="stylesheet" type="text/css" href="http://localhost:8989/css/dropzone-5.5.0.min.css" />
	<link rel="stylesheet" type="text/css" href="http://localhost:8989/css/bootstrap-3.4.1.min.css" />
	<link rel="stylesheet" type="text/css" href="http://localhost:8989/css/font-awesome-4.6.3.min.css" />
	<link rel="stylesheet" type="text/css" href="http://localhost:8989/css/fonts.css" />
	<link rel="stylesheet" type="text/css" href="http://localhost:8989/css/bootstrap-datetimepicker-4.17.47.min.css" />
	<link rel="stylesheet" type="text/css" href="http://localhost:8989/css/ace.min.css" />
	<link rel="stylesheet" type="text/css" href="http://localhost:8989/css/ace-mantis.css" />
	<link rel="stylesheet" type="text/css" href="http://localhost:8989/css/ace-skins.min.css" />

	<link rel="shortcut icon" href="/images/favicon.ico" type="image/x-icon" />
	<link rel="search" type="application/opensearchdescription+xml" title="MantisBT: Text Search" href="http://localhost:8989/browser_search_plugin.php?type=text" />
	<link rel="search" type="application/opensearchdescription+xml" title="MantisBT: Issue Id" href="http://localhost:8989/browser_search_plugin.php?type=id" />
	<script type="text/javascript" src="/javascript_config.php?cache_key=c4be5b616506fadd81f3b808db1767f3"></script>
	<script type="text/javascript" src="/javascript_translations.php?cache_key=f36c334d7cef843a28a60ae9669c88ad"></script>
	<script type="text/javascript" src="/js/jquery-2.2.4.min.js"></script>
	<script type="text/javascript" src="/js/dropzone-5.5.0.min.js"></script>
	<script type="text/javascript" src="/js/common.js"></script>
</head>
<body class="login-layout light-login"><style>
* { font-family: "Open Sans"; } 
h1, h2, h3, h4, h5 { font-family: "Open Sans"; } 
</style>
<div class="main-container" id="main-container">
<div class="main-content">
<div class="row">
<div class="col-md-offset-3 col-md-6 col-sm-10 col-sm-offset-1">
	<div class="login-container">
		<div class="space-12 hidden-480"></div>
			<div class="login-logo">
		<img src="/images/mantis_logo.png">
	</div>
			<div class="space-24 hidden-480"></div>

<div class="position-relative">
	<div class="signup-box visible widget-box no-border" id="login-box">
		<div class="widget-body">
			<div class="widget-main">
				<h4 class="header lighter bigger">
					<i class="ace-icon fa fa-sign-in"></i>
					Login				</h4>
				<div class="space-10"></div>
	<form id="login-form" method="post" action="login_password_page.php">
		<fieldset>

			<input type="hidden" name="return" value="index.php" />
			<label for="username" class="block clearfix">
				<span class="block input-icon input-icon-right">
					<input id="username" name="username" type="text" placeholder="Username"
						   size="32" maxlength="191" value="administrator"
						   class="form-control autofocus">
					<i class="ace-icon fa fa-user"></i>
				</span>
			</label>

			<div class="space-10"></div>

			<input type="submit" class="width-40 pull-right btn btn-success btn-inverse bigger-110" value="Login" />
		</fieldset>
	</form>

<div class="space-10"></div><div class="alert alert-warning"><p><strong>Warning:</strong> "admin" directory should be removed, or access to it restricted.</p><p><strong>Warning:</strong> You should disable the default 'administrator' account or change its password.</p></div></div>

<div class="toolbar center"><a class="back-to-login-link pull-left" href="signup_page.php">Signup for a new account</a><div class="clearfix"></div></div>
		</div>
</div>
</div>
</div>
</div>

</div></div>
</div>
	<script type="text/javascript" src="/js/bootstrap-3.4.1.min.js"></script>
	<script type="text/javascript" src="/js/moment-with-locales-2.15.2.min.js"></script>
	<script type="text/javascript" src="/js/bootstrap-datetimepicker-4.17.47.min.js"></script>
	<script type="text/javascript" src="/js/typeahead.jquery-1.1.1.min.js"></script>
	<script type="text/javascript" src="/js/list-1.5.0.min.js"></script>
	<script type="text/javascript" src="/js/ace.min.js"></script>
</body>

Cookies: {PHPSESSID=a5a997100f840c7a540c8fefbb822720}
=================
=== Valid login ===
Status code: 200
Session cookie: a5a997100f840c7a540c8fefbb822720
Short body: <!DOCTYPE html>
<html>
<head>
	<meta http-equiv="Content-type" content="text/html; charset=utf-8" />
	<meta name="robots" content="noindex,follow" />
	<title>MantisBT</title>
<meta name="viewport" con...
==================
=== LOGOUT REQUEST ===
URL: http://localhost:8989/logout_page.php
--- RESPONSE ---
Status code: 302
Body: 
Cookies: {PHPSESSID=fc396f9e9adad473ca4c5d8ac7201c30, MANTIS_STRING_COOKIE=deleted, MANTIS_PROJECT_COOKIE=deleted, MANTIS_MANAGE_USERS_COOKIE=deleted, MANTIS_MANAGE_CONFIG_COOKIE=deleted}
=================
=== Logout ===
Status code: 302
Session cookie: fc396f9e9adad473ca4c5d8ac7201c30
Short body: 
==================
]]></system-out>
  </testcase>
  <testcase name="createTaskTest" classname="api.TaskAPITest" time="0.206">
    <system-out><![CDATA[=== LOGIN REQUEST ===
URL: http://localhost:8989/login_page.php
Username: administrator
Password: root
--- RESPONSE ---
Status code: 200
Body: <!DOCTYPE html>
<html>
<head>
	<meta http-equiv="Content-type" content="text/html; charset=utf-8" />
	<meta name="robots" content="noindex,follow" />
	<title>MantisBT</title>
<meta name="viewport" content="width=device-width, initial-scale=1.0, maximum-scale=1.0, user-scalable=0" />
	<link rel="stylesheet" type="text/css" href="http://localhost:8989/css/default.css" />
	<link rel="stylesheet" type="text/css" href="http://localhost:8989/css/status_config.php?cache_key=c4be5b616506fadd81f3b808db1767f3" />
	<link rel="stylesheet" type="text/css" href="http://localhost:8989/css/login.css" />
	<link rel="stylesheet" type="text/css" href="http://localhost:8989/css/dropzone-5.5.0.min.css" />
	<link rel="stylesheet" type="text/css" href="http://localhost:8989/css/bootstrap-3.4.1.min.css" />
	<link rel="stylesheet" type="text/css" href="http://localhost:8989/css/font-awesome-4.6.3.min.css" />
	<link rel="stylesheet" type="text/css" href="http://localhost:8989/css/fonts.css" />
	<link rel="stylesheet" type="text/css" href="http://localhost:8989/css/bootstrap-datetimepicker-4.17.47.min.css" />
	<link rel="stylesheet" type="text/css" href="http://localhost:8989/css/ace.min.css" />
	<link rel="stylesheet" type="text/css" href="http://localhost:8989/css/ace-mantis.css" />
	<link rel="stylesheet" type="text/css" href="http://localhost:8989/css/ace-skins.min.css" />

	<link rel="shortcut icon" href="/images/favicon.ico" type="image/x-icon" />
	<link rel="search" type="application/opensearchdescription+xml" title="MantisBT: Text Search" href="http://localhost:8989/browser_search_plugin.php?type=text" />
	<link rel="search" type="application/opensearchdescription+xml" title="MantisBT: Issue Id" href="http://localhost:8989/browser_search_plugin.php?type=id" />
	<script type="text/javascript" src="/javascript_config.php?cache_key=c4be5b616506fadd81f3b808db1767f3"></script>
	<script type="text/javascript" src="/javascript_translations.php?cache_key=f36c334d7cef843a28a60ae9669c88ad"></script>
	<script type="text/javascript" src="/js/jquery-2.2.4.min.js"></script>
	<script type="text/javascript" src="/js/dropzone-5.5.0.min.js"></script>
	<script type="text/javascript" src="/js/common.js"></script>
</head>
<body class="login-layout light-login"><style>
* { font-family: "Open Sans"; } 
h1, h2, h3, h4, h5 { font-family: "Open Sans"; } 
</style>
<div class="main-container" id="main-container">
<div class="main-content">
<div class="row">
<div class="col-md-offset-3 col-md-6 col-sm-10 col-sm-offset-1">
	<div class="login-container">
		<div class="space-12 hidden-480"></div>
			<div class="login-logo">
		<img src="/images/mantis_logo.png">
	</div>
			<div class="space-24 hidden-480"></div>

<div class="position-relative">
	<div class="signup-box visible widget-box no-border" id="login-box">
		<div class="widget-body">
			<div class="widget-main">
				<h4 class="header lighter bigger">
					<i class="ace-icon fa fa-sign-in"></i>
					Login				</h4>
				<div class="space-10"></div>
	<form id="login-form" method="post" action="login_password_page.php">
		<fieldset>

			<input type="hidden" name="return" value="index.php" />
			<label for="username" class="block clearfix">
				<span class="block input-icon input-icon-right">
					<input id="username" name="username" type="text" placeholder="Username"
						   size="32" maxlength="191" value="administrator"
						   class="form-control autofocus">
					<i class="ace-icon fa fa-user"></i>
				</span>
			</label>

			<div class="space-10"></div>

			<input type="submit" class="width-40 pull-right btn btn-success btn-inverse bigger-110" value="Login" />
		</fieldset>
	</form>

<div class="space-10"></div><div class="alert alert-warning"><p><strong>Warning:</strong> "admin" directory should be removed, or access to it restricted.</p><p><strong>Warning:</strong> You should disable the default 'administrator' account or change its password.</p></div></div>

<div class="toolbar center"><a class="back-to-login-link pull-left" href="signup_page.php">Signup for a new account</a><div class="clearfix"></div></div>
		</div>
</div>
</div>
</div>
</div>

</div></div>
</div>
	<script type="text/javascript" src="/js/bootstrap-3.4.1.min.js"></script>
	<script type="text/javascript" src="/js/moment-with-locales-2.15.2.min.js"></script>
	<script type="text/javascript" src="/js/bootstrap-datetimepicker-4.17.47.min.js"></script>
	<script type="text/javascript" src="/js/typeahead.jquery-1.1.1.min.js"></script>
	<script type="text/javascript" src="/js/list-1.5.0.min.js"></script>
	<script type="text/javascript" src="/js/ace.min.js"></script>
</body>

Cookies: {PHPSESSID=19b357637e2b611fc18b784334f0c451}
=================
=== LOGOUT REQUEST ===
URL: http://localhost:8989/logout_page.php
--- RESPONSE ---
Status code: 302
Body: 
Cookies: {PHPSESSID=5d57ca36e12048d18169e6072e294956, MANTIS_STRING_COOKIE=deleted, MANTIS_PROJECT_COOKIE=deleted, MANTIS_MANAGE_USERS_COOKIE=deleted, MANTIS_MANAGE_CONFIG_COOKIE=deleted}
=================
]]></system-out>
  </testcase>
  <testcase name="createAndApplyFilterTest[TestFilter](1)" classname="ui.FilterTest" time="14.142">
    <system-err><![CDATA[груд. 24, 2025 3:15:01 ДП org.openqa.selenium.devtools.CdpVersionFinder findNearestMatch
WARNING: Unable to find CDP implementation matching 143
груд. 24, 2025 3:15:01 ДП org.openqa.selenium.chromium.ChromiumDriver lambda$new$5
WARNING: Unable to find version of CDP to use for 143.0.7499.170. You may need to include a dependency on a specific version of the CDP using something similar to `org.seleniumhq.selenium:selenium-devtools-v86:4.24.0` where the version ("v86") matches the version of the chromium-based browser you're using and the version number of the artifact is the same as Selenium's.
]]></system-err>
  </testcase>
  <testcase name="loginTest[wrongUser, wrongPass, false](1)" classname="ui.LoginTest" time="0.842">
    <failure message="Force fail to test screenshot attachment expected [true] but found [false]" type="java.lang.AssertionError"><![CDATA[java.lang.AssertionError: Force fail to test screenshot attachment expected [true] but found [false]
	at org.testng.Assert.fail(Assert.java:111)
	at org.testng.Assert.failNotEquals(Assert.java:1578)
	at org.testng.Assert.assertTrue(Assert.java:57)
	at ui.LoginTest.loginTest(LoginTest.java:23)
	at java.base/jdk.internal.reflect.DirectMethodHandleAccessor.invoke(DirectMethodHandleAccessor.java:103)
	at java.base/java.lang.reflect.Method.invoke(Method.java:580)
	at org.testng.internal.invokers.MethodInvocationHelper.invokeMethod(MethodInvocationHelper.java:139)
	at org.testng.internal.invokers.TestInvoker.invokeMethod(TestInvoker.java:664)
	at org.testng.internal.invokers.TestInvoker.invokeTestMethod(TestInvoker.java:227)
	at org.testng.internal.invokers.MethodRunner.runInSequence(MethodRunner.java:50)
	at org.testng.internal.invokers.TestInvoker$MethodInvocationAgent.invoke(TestInvoker.java:957)
	at org.testng.internal.invokers.TestInvoker.invokeTestMethods(TestInvoker.java:200)
	at org.testng.internal.invokers.TestMethodWorker.invokeTestMethods(TestMethodWorker.java:148)
	at org.testng.internal.invokers.TestMethodWorker.run(TestMethodWorker.java:128)
	at java.base/java.util.ArrayList.forEach(ArrayList.java:1597)
	at org.testng.TestRunner.privateRun(TestRunner.java:848)
	at org.testng.TestRunner.run(TestRunner.java:621)
	at org.testng.SuiteRunner.runTest(SuiteRunner.java:443)
	at org.testng.SuiteRunner.runSequentially(SuiteRunner.java:437)
	at org.testng.SuiteRunner.privateRun(SuiteRunner.java:397)
	at org.testng.SuiteRunner.run(SuiteRunner.java:336)
	at org.testng.SuiteRunnerWorker.runSuite(SuiteRunnerWorker.java:52)
	at org.testng.SuiteRunnerWorker.run(SuiteRunnerWorker.java:95)
	at org.testng.TestNG.runSuitesSequentially(TestNG.java:1280)
	at org.testng.TestNG.runSuitesLocally(TestNG.java:1200)
	at org.testng.TestNG.runSuites(TestNG.java:1114)
	at org.testng.TestNG.run(TestNG.java:1082)
	at org.apache.maven.surefire.testng.TestNGExecutor.run(TestNGExecutor.java:155)
	at org.apache.maven.surefire.testng.TestNGDirectoryTestSuite.executeMulti(TestNGDirectoryTestSuite.java:169)
	at org.apache.maven.surefire.testng.TestNGDirectoryTestSuite.execute(TestNGDirectoryTestSuite.java:88)
	at org.apache.maven.surefire.testng.TestNGProvider.invoke(TestNGProvider.java:137)
	at org.apache.maven.surefire.booter.ForkedBooter.runSuitesInProcess(ForkedBooter.java:385)
	at org.apache.maven.surefire.booter.ForkedBooter.execute(ForkedBooter.java:162)
	at org.apache.maven.surefire.booter.ForkedBooter.run(ForkedBooter.java:507)
	at org.apache.maven.surefire.booter.ForkedBooter.main(ForkedBooter.java:495)
]]></failure>
    <system-err><![CDATA[груд. 24, 2025 3:15:17 ДП org.openqa.selenium.devtools.CdpVersionFinder findNearestMatch
WARNING: Unable to find CDP implementation matching 143
груд. 24, 2025 3:15:17 ДП org.openqa.selenium.chromium.ChromiumDriver lambda$new$5
WARNING: Unable to find version of CDP to use for 143.0.7499.170. You may need to include a dependency on a specific version of the CDP using something similar to `org.seleniumhq.selenium:selenium-devtools-v86:4.24.0` where the version ("v86") matches the version of the chromium-based browser you're using and the version number of the artifact is the same as Selenium's.
]]></system-err>
  </testcase>
  <testcase name="loginTest[administrator, wrongPass, false](2)" classname="ui.LoginTest" time="0.89">
    <failure message="Force fail to test screenshot attachment expected [true] but found [false]" type="java.lang.AssertionError"><![CDATA[java.lang.AssertionError: Force fail to test screenshot attachment expected [true] but found [false]
	at org.testng.Assert.fail(Assert.java:111)
	at org.testng.Assert.failNotEquals(Assert.java:1578)
	at org.testng.Assert.assertTrue(Assert.java:57)
	at ui.LoginTest.loginTest(LoginTest.java:23)
	at java.base/jdk.internal.reflect.DirectMethodHandleAccessor.invoke(DirectMethodHandleAccessor.java:103)
	at java.base/java.lang.reflect.Method.invoke(Method.java:580)
	at org.testng.internal.invokers.MethodInvocationHelper.invokeMethod(MethodInvocationHelper.java:139)
	at org.testng.internal.invokers.TestInvoker.invokeMethod(TestInvoker.java:664)
	at org.testng.internal.invokers.TestInvoker.invokeTestMethod(TestInvoker.java:227)
	at org.testng.internal.invokers.MethodRunner.runInSequence(MethodRunner.java:50)
	at org.testng.internal.invokers.TestInvoker$MethodInvocationAgent.invoke(TestInvoker.java:957)
	at org.testng.internal.invokers.TestInvoker.invokeTestMethods(TestInvoker.java:200)
	at org.testng.internal.invokers.TestMethodWorker.invokeTestMethods(TestMethodWorker.java:148)
	at org.testng.internal.invokers.TestMethodWorker.run(TestMethodWorker.java:128)
	at java.base/java.util.ArrayList.forEach(ArrayList.java:1597)
	at org.testng.TestRunner.privateRun(TestRunner.java:848)
	at org.testng.TestRunner.run(TestRunner.java:621)
	at org.testng.SuiteRunner.runTest(SuiteRunner.java:443)
	at org.testng.SuiteRunner.runSequentially(SuiteRunner.java:437)
	at org.testng.SuiteRunner.privateRun(SuiteRunner.java:397)
	at org.testng.SuiteRunner.run(SuiteRunner.java:336)
	at org.testng.SuiteRunnerWorker.runSuite(SuiteRunnerWorker.java:52)
	at org.testng.SuiteRunnerWorker.run(SuiteRunnerWorker.java:95)
	at org.testng.TestNG.runSuitesSequentially(TestNG.java:1280)
	at org.testng.TestNG.runSuitesLocally(TestNG.java:1200)
	at org.testng.TestNG.runSuites(TestNG.java:1114)
	at org.testng.TestNG.run(TestNG.java:1082)
	at org.apache.maven.surefire.testng.TestNGExecutor.run(TestNGExecutor.java:155)
	at org.apache.maven.surefire.testng.TestNGDirectoryTestSuite.executeMulti(TestNGDirectoryTestSuite.java:169)
	at org.apache.maven.surefire.testng.TestNGDirectoryTestSuite.execute(TestNGDirectoryTestSuite.java:88)
	at org.apache.maven.surefire.testng.TestNGProvider.invoke(TestNGProvider.java:137)
	at org.apache.maven.surefire.booter.ForkedBooter.runSuitesInProcess(ForkedBooter.java:385)
	at org.apache.maven.surefire.booter.ForkedBooter.execute(ForkedBooter.java:162)
	at org.apache.maven.surefire.booter.ForkedBooter.run(ForkedBooter.java:507)
	at org.apache.maven.surefire.booter.ForkedBooter.main(ForkedBooter.java:495)
]]></failure>
    <system-err><![CDATA[груд. 24, 2025 3:15:20 ДП org.openqa.selenium.devtools.CdpVersionFinder findNearestMatch
WARNING: Unable to find CDP implementation matching 143
груд. 24, 2025 3:15:20 ДП org.openqa.selenium.chromium.ChromiumDriver lambda$new$5
WARNING: Unable to find version of CDP to use for 143.0.7499.170. You may need to include a dependency on a specific version of the CDP using something similar to `org.seleniumhq.selenium:selenium-devtools-v86:4.24.0` where the version ("v86") matches the version of the chromium-based browser you're using and the version number of the artifact is the same as Selenium's.
]]></system-err>
  </testcase>
  <testcase name="loginTest[administrator, root, true](3)" classname="ui.LoginTest" time="0.955">
    <failure message="Force fail to test screenshot attachment expected [true] but found [false]" type="java.lang.AssertionError"><![CDATA[java.lang.AssertionError: Force fail to test screenshot attachment expected [true] but found [false]
	at org.testng.Assert.fail(Assert.java:111)
	at org.testng.Assert.failNotEquals(Assert.java:1578)
	at org.testng.Assert.assertTrue(Assert.java:57)
	at ui.LoginTest.loginTest(LoginTest.java:23)
	at java.base/jdk.internal.reflect.DirectMethodHandleAccessor.invoke(DirectMethodHandleAccessor.java:103)
	at java.base/java.lang.reflect.Method.invoke(Method.java:580)
	at org.testng.internal.invokers.MethodInvocationHelper.invokeMethod(MethodInvocationHelper.java:139)
	at org.testng.internal.invokers.TestInvoker.invokeMethod(TestInvoker.java:664)
	at org.testng.internal.invokers.TestInvoker.invokeTestMethod(TestInvoker.java:227)
	at org.testng.internal.invokers.MethodRunner.runInSequence(MethodRunner.java:50)
	at org.testng.internal.invokers.TestInvoker$MethodInvocationAgent.invoke(TestInvoker.java:957)
	at org.testng.internal.invokers.TestInvoker.invokeTestMethods(TestInvoker.java:200)
	at org.testng.internal.invokers.TestMethodWorker.invokeTestMethods(TestMethodWorker.java:148)
	at org.testng.internal.invokers.TestMethodWorker.run(TestMethodWorker.java:128)
	at java.base/java.util.ArrayList.forEach(ArrayList.java:1597)
	at org.testng.TestRunner.privateRun(TestRunner.java:848)
	at org.testng.TestRunner.run(TestRunner.java:621)
	at org.testng.SuiteRunner.runTest(SuiteRunner.java:443)
	at org.testng.SuiteRunner.runSequentially(SuiteRunner.java:437)
	at org.testng.SuiteRunner.privateRun(SuiteRunner.java:397)
	at org.testng.SuiteRunner.run(SuiteRunner.java:336)
	at org.testng.SuiteRunnerWorker.runSuite(SuiteRunnerWorker.java:52)
	at org.testng.SuiteRunnerWorker.run(SuiteRunnerWorker.java:95)
	at org.testng.TestNG.runSuitesSequentially(TestNG.java:1280)
	at org.testng.TestNG.runSuitesLocally(TestNG.java:1200)
	at org.testng.TestNG.runSuites(TestNG.java:1114)
	at org.testng.TestNG.run(TestNG.java:1082)
	at org.apache.maven.surefire.testng.TestNGExecutor.run(TestNGExecutor.java:155)
	at org.apache.maven.surefire.testng.TestNGDirectoryTestSuite.executeMulti(TestNGDirectoryTestSuite.java:169)
	at org.apache.maven.surefire.testng.TestNGDirectoryTestSuite.execute(TestNGDirectoryTestSuite.java:88)
	at org.apache.maven.surefire.testng.TestNGProvider.invoke(TestNGProvider.java:137)
	at org.apache.maven.surefire.booter.ForkedBooter.runSuitesInProcess(ForkedBooter.java:385)
	at org.apache.maven.surefire.booter.ForkedBooter.execute(ForkedBooter.java:162)
	at org.apache.maven.surefire.booter.ForkedBooter.run(ForkedBooter.java:507)
	at org.apache.maven.surefire.booter.ForkedBooter.main(ForkedBooter.java:495)
]]></failure>
    <system-err><![CDATA[груд. 24, 2025 3:15:23 ДП org.openqa.selenium.devtools.CdpVersionFinder findNearestMatch
WARNING: Unable to find CDP implementation matching 143
груд. 24, 2025 3:15:23 ДП org.openqa.selenium.chromium.ChromiumDriver lambda$new$5
WARNING: Unable to find version of CDP to use for 143.0.7499.170. You may need to include a dependency on a specific version of the CDP using something similar to `org.seleniumhq.selenium:selenium-devtools-v86:4.24.0` where the version ("v86") matches the version of the chromium-based browser you're using and the version number of the artifact is the same as Selenium's.
]]></system-err>
  </testcase>
  <testcase name="createProjectTest[ProjectA, Test description A](1)" classname="ui.TaskTest" time="2.675">
    <system-err><![CDATA[груд. 24, 2025 3:15:27 ДП org.openqa.selenium.devtools.CdpVersionFinder findNearestMatch
WARNING: Unable to find CDP implementation matching 143
груд. 24, 2025 3:15:27 ДП org.openqa.selenium.chromium.ChromiumDriver lambda$new$5
WARNING: Unable to find version of CDP to use for 143.0.7499.170. You may need to include a dependency on a specific version of the CDP using something similar to `org.seleniumhq.selenium:selenium-devtools-v86:4.24.0` where the version ("v86") matches the version of the chromium-based browser you're using and the version number of the artifact is the same as Selenium's.
]]></system-err>
  </testcase>
</testsuite>