<?xml version="1.0" encoding="UTF-8"?>
<!-- Generated by org.testng.reporters.JUnitXMLReporter -->
<testsuite ignored="0" hostname="DESKTOP-77SG0P9" failures="3" tests="3" name="Command line test" time="4.36" errors="0" timestamp="2025-12-08T13:14:08 EET">
  <testcase classname="api.LoginAPITest" name="invalidThenValidLoginTest" time="4.059">
    <failure type="java.lang.AssertionError" message="expected [302] but found [200]">
      <![CDATA[java.lang.AssertionError: expected [302] but found [200]
at api.LoginAPITest.invalidThenValidLoginTest(LoginAPITest.java:28)
at java.base/java.util.ArrayList.forEach(ArrayList.java:1604)
at api.AllAPI.runAllAPITests(AllAPI.java:19)
at java.base/java.util.ArrayList.forEach(ArrayList.java:1604)
at com.intellij.rt.testng.IDEARemoteTestNG.run(IDEARemoteTestNG.java:65)
at com.intellij.rt.testng.RemoteTestNGStarter.main(RemoteTestNGStarter.java:105)
... Removed 51 stack frames]]>
    </failure>
  </testcase> <!-- invalidThenValidLoginTest -->
  <testcase classname="api.TaskAPITest" name="createTaskTest" time="0.126">
    <failure type="java.lang.AssertionError" message="expected [302] but found [200]">
      <![CDATA[java.lang.AssertionError: expected [302] but found [200]
at api.TaskAPITest.createTaskTest(TaskAPITest.java:28)
at java.base/java.util.ArrayList.forEach(ArrayList.java:1604)
at api.AllAPI.runAllAPITests(AllAPI.java:19)
at java.base/java.util.ArrayList.forEach(ArrayList.java:1604)
at com.intellij.rt.testng.IDEARemoteTestNG.run(IDEARemoteTestNG.java:65)
at com.intellij.rt.testng.RemoteTestNGStarter.main(RemoteTestNGStarter.java:105)
... Removed 51 stack frames]]>
    </failure>
  </testcase> <!-- createTaskTest -->
  <testcase classname="api.FilterAPITest" name="createFilterTest" time="0.152">
    <failure type="java.lang.AssertionError" message="expected [302] but found [200]">
      <![CDATA[java.lang.AssertionError: expected [302] but found [200]
at api.FilterAPITest.createFilterTest(FilterAPITest.java:28)
at java.base/java.util.ArrayList.forEach(ArrayList.java:1604)
at api.AllAPI.runAllAPITests(AllAPI.java:19)
at java.base/java.util.ArrayList.forEach(ArrayList.java:1604)
at com.intellij.rt.testng.IDEARemoteTestNG.run(IDEARemoteTestNG.java:65)
at com.intellij.rt.testng.RemoteTestNGStarter.main(RemoteTestNGStarter.java:105)
... Removed 51 stack frames]]>
    </failure>
  </testcase> <!-- createFilterTest -->
</testsuite> <!-- Command line test -->
